{"__type":"$$EventMessageAudit","id":"a1c28efc-1dc3-4537-b65f-4a05ed3718c7","ts":"2025-04-14T15:29:03.520+00:00","eventName":"n8n.audit.workflow.updated","message":"n8n.audit.workflow.updated","payload":{"userId":"6a4bb5a2-ee27-4a62-9b68-657a92d337ff","_email":"lomfabrizio@hotmail.com","_firstName":"Fabrizio","_lastName":"Lo Manto","globalRole":"global:owner","workflowId":"3Q10QV3s303IUygo","workflowName":"payground"}}
{"__type":"$$EventMessageConfirm","confirm":"a1c28efc-1dc3-4537-b65f-4a05ed3718c7","ts":"2025-04-14T15:29:03.524+00:00","source":{"id":"0","name":"eventBus"}}
{"__type":"$$EventMessageWorkflow","id":"a9894a07-7a9d-4d8e-bc5b-27a924694b63","ts":"2025-04-14T15:29:04.539+00:00","eventName":"n8n.workflow.started","message":"n8n.workflow.started","payload":{"executionId":"539","workflowId":"3Q10QV3s303IUygo","isManual":false,"workflowName":"payground"}}
{"__type":"$$EventMessageConfirm","confirm":"a9894a07-7a9d-4d8e-bc5b-27a924694b63","ts":"2025-04-14T15:29:04.540+00:00","source":{"id":"0","name":"eventBus"}}
{"__type":"$$EventMessageNode","id":"9c89a50c-12ac-4deb-b305-6043cc0b225d","ts":"2025-04-14T15:29:04.544+00:00","eventName":"n8n.node.started","message":"n8n.node.started","payload":{"workflowId":"3Q10QV3s303IUygo","workflowName":"payground","executionId":"539","nodeType":"n8n-nodes-base.manualTrigger","nodeName":"When clicking ‘Test workflow’"}}
{"__type":"$$EventMessageConfirm","confirm":"9c89a50c-12ac-4deb-b305-6043cc0b225d","ts":"2025-04-14T15:29:04.544+00:00","source":{"id":"0","name":"eventBus"}}
{"__type":"$$EventMessageNode","id":"211abdd4-48d4-4f45-9dea-be66c0653230","ts":"2025-04-14T15:29:04.553+00:00","eventName":"n8n.node.finished","message":"n8n.node.finished","payload":{"workflowId":"3Q10QV3s303IUygo","workflowName":"payground","executionId":"539","nodeType":"n8n-nodes-base.manualTrigger","nodeName":"When clicking ‘Test workflow’"}}
{"__type":"$$EventMessageConfirm","confirm":"211abdd4-48d4-4f45-9dea-be66c0653230","ts":"2025-04-14T15:29:04.554+00:00","source":{"id":"0","name":"eventBus"}}
{"__type":"$$EventMessageNode","id":"892ddb6e-818f-4cc1-ab89-fa0e1a4e1009","ts":"2025-04-14T15:29:04.556+00:00","eventName":"n8n.node.started","message":"n8n.node.started","payload":{"workflowId":"3Q10QV3s303IUygo","workflowName":"payground","executionId":"539","nodeType":"n8n-nodes-base.httpRequest","nodeName":"get daily image"}}
{"__type":"$$EventMessageConfirm","confirm":"892ddb6e-818f-4cc1-ab89-fa0e1a4e1009","ts":"2025-04-14T15:29:04.556+00:00","source":{"id":"0","name":"eventBus"}}
{"__type":"$$EventMessageNode","id":"3eb1d928-ba18-4511-b852-9f09704d8262","ts":"2025-04-14T15:29:05.411+00:00","eventName":"n8n.node.finished","message":"n8n.node.finished","payload":{"workflowId":"3Q10QV3s303IUygo","workflowName":"payground","executionId":"539","nodeType":"n8n-nodes-base.httpRequest","nodeName":"get daily image"}}
{"__type":"$$EventMessageConfirm","confirm":"3eb1d928-ba18-4511-b852-9f09704d8262","ts":"2025-04-14T15:29:05.411+00:00","source":{"id":"0","name":"eventBus"}}
{"__type":"$$EventMessageNode","id":"e4de939f-fcf2-48d7-b4ee-2f3820f20a6f","ts":"2025-04-14T15:29:05.413+00:00","eventName":"n8n.node.started","message":"n8n.node.started","payload":{"workflowId":"3Q10QV3s303IUygo","workflowName":"payground","executionId":"539","nodeType":"n8n-nodes-base.code","nodeName":"Code1"}}
{"__type":"$$EventMessageConfirm","confirm":"e4de939f-fcf2-48d7-b4ee-2f3820f20a6f","ts":"2025-04-14T15:29:05.413+00:00","source":{"id":"0","name":"eventBus"}}
{"__type":"$$EventMessageNode","id":"3ce9a8eb-065b-4de7-bf71-b2f1e95b25bb","ts":"2025-04-14T15:29:05.719+00:00","eventName":"n8n.node.finished","message":"n8n.node.finished","payload":{"workflowId":"3Q10QV3s303IUygo","workflowName":"payground","executionId":"539","nodeType":"n8n-nodes-base.code","nodeName":"Code1"}}
{"__type":"$$EventMessageConfirm","confirm":"3ce9a8eb-065b-4de7-bf71-b2f1e95b25bb","ts":"2025-04-14T15:29:05.719+00:00","source":{"id":"0","name":"eventBus"}}
{"__type":"$$EventMessageNode","id":"700a1051-89e0-47c0-b597-16d46f51cdb7","ts":"2025-04-14T15:29:05.721+00:00","eventName":"n8n.node.started","message":"n8n.node.started","payload":{"workflowId":"3Q10QV3s303IUygo","workflowName":"payground","executionId":"539","nodeType":"n8n-nodes-base.httpRequest","nodeName":"HTTP Request"}}
{"__type":"$$EventMessageConfirm","confirm":"700a1051-89e0-47c0-b597-16d46f51cdb7","ts":"2025-04-14T15:29:05.722+00:00","source":{"id":"0","name":"eventBus"}}
{"__type":"$$EventMessageNode","id":"25c76cb3-7d62-4a21-af48-0964bcdb2a16","ts":"2025-04-14T15:29:06.044+00:00","eventName":"n8n.node.finished","message":"n8n.node.finished","payload":{"workflowId":"3Q10QV3s303IUygo","workflowName":"payground","executionId":"539","nodeType":"n8n-nodes-base.httpRequest","nodeName":"HTTP Request"}}
{"__type":"$$EventMessageConfirm","confirm":"25c76cb3-7d62-4a21-af48-0964bcdb2a16","ts":"2025-04-14T15:29:06.044+00:00","source":{"id":"0","name":"eventBus"}}
{"__type":"$$EventMessageWorkflow","id":"24e77905-e8c9-499c-9ff3-bd234b59f45c","ts":"2025-04-14T15:29:06.055+00:00","eventName":"n8n.workflow.failed","message":"n8n.workflow.failed","payload":{"executionId":"539","userId":"6a4bb5a2-ee27-4a62-9b68-657a92d337ff","success":false,"isManual":true,"workflowId":"3Q10QV3s303IUygo","workflowName":"payground","lastNodeExecuted":"HTTP Request","errorNodeType":"n8n-nodes-base.httpRequest","errorMessage":"Bad request - please check your parameters"}}
{"__type":"$$EventMessageConfirm","confirm":"24e77905-e8c9-499c-9ff3-bd234b59f45c","ts":"2025-04-14T15:29:06.055+00:00","source":{"id":"0","name":"eventBus"}}
{"__type":"$$EventMessageWorkflow","id":"92039a39-1230-413e-bbe9-5705c2d228fc","ts":"2025-04-14T15:29:12.607+00:00","eventName":"n8n.workflow.started","message":"n8n.workflow.started","payload":{"executionId":"540","workflowId":"3Q10QV3s303IUygo","isManual":false,"workflowName":"payground"}}
{"__type":"$$EventMessageConfirm","confirm":"92039a39-1230-413e-bbe9-5705c2d228fc","ts":"2025-04-14T15:29:12.608+00:00","source":{"id":"0","name":"eventBus"}}
{"__type":"$$EventMessageNode","id":"a8a97aba-6904-4a00-8fc9-2b9161f96119","ts":"2025-04-14T15:29:12.615+00:00","eventName":"n8n.node.started","message":"n8n.node.started","payload":{"workflowId":"3Q10QV3s303IUygo","workflowName":"payground","executionId":"540","nodeType":"n8n-nodes-base.httpRequest","nodeName":"HTTP Request"}}
{"__type":"$$EventMessageConfirm","confirm":"a8a97aba-6904-4a00-8fc9-2b9161f96119","ts":"2025-04-14T15:29:12.616+00:00","source":{"id":"0","name":"eventBus"}}
{"__type":"$$EventMessageNode","id":"7ae41afa-99a8-4dc2-ab34-d1fb87e219b0","ts":"2025-04-14T16:29:13.581+01:00","eventName":"n8n.node.finished","message":"n8n.node.finished","payload":{"workflowId":"3Q10QV3s303IUygo","workflowName":"payground","executionId":"540","nodeType":"n8n-nodes-base.httpRequest","nodeName":"HTTP Request"}}
{"__type":"$$EventMessageConfirm","confirm":"7ae41afa-99a8-4dc2-ab34-d1fb87e219b0","ts":"2025-04-14T16:29:13.581+01:00","source":{"id":"0","name":"eventBus"}}
{"__type":"$$EventMessageWorkflow","id":"414d263a-9232-4c2c-98fc-542cff04d209","ts":"2025-04-14T16:29:13.604+01:00","eventName":"n8n.workflow.success","message":"n8n.workflow.success","payload":{"executionId":"540","userId":"6a4bb5a2-ee27-4a62-9b68-657a92d337ff","success":true,"isManual":true,"workflowId":"3Q10QV3s303IUygo","workflowName":"payground"}}
{"__type":"$$EventMessageConfirm","confirm":"414d263a-9232-4c2c-98fc-542cff04d209","ts":"2025-04-14T16:29:13.604+01:00","source":{"id":"0","name":"eventBus"}}
{"__type":"$$EventMessageWorkflow","id":"cfb64f66-9603-4f89-a6cc-28893966b950","ts":"2025-04-14T16:29:30.571+01:00","eventName":"n8n.workflow.started","message":"n8n.workflow.started","payload":{"executionId":"541","workflowId":"3Q10QV3s303IUygo","isManual":false,"workflowName":"payground"}}
{"__type":"$$EventMessageConfirm","confirm":"cfb64f66-9603-4f89-a6cc-28893966b950","ts":"2025-04-14T16:29:30.573+01:00","source":{"id":"0","name":"eventBus"}}
{"__type":"$$EventMessageNode","id":"1c3b8b52-2c15-43c8-990b-c53a64481f3f","ts":"2025-04-14T16:29:30.578+01:00","eventName":"n8n.node.started","message":"n8n.node.started","payload":{"workflowId":"3Q10QV3s303IUygo","workflowName":"payground","executionId":"541","nodeType":"n8n-nodes-base.httpRequest","nodeName":"HTTP Request"}}
{"__type":"$$EventMessageConfirm","confirm":"1c3b8b52-2c15-43c8-990b-c53a64481f3f","ts":"2025-04-14T16:29:30.579+01:00","source":{"id":"0","name":"eventBus"}}
{"__type":"$$EventMessageNode","id":"9af91182-cff3-4ced-b71e-a08705cd8c6a","ts":"2025-04-14T16:29:31.302+01:00","eventName":"n8n.node.finished","message":"n8n.node.finished","payload":{"workflowId":"3Q10QV3s303IUygo","workflowName":"payground","executionId":"541","nodeType":"n8n-nodes-base.httpRequest","nodeName":"HTTP Request"}}
{"__type":"$$EventMessageConfirm","confirm":"9af91182-cff3-4ced-b71e-a08705cd8c6a","ts":"2025-04-14T16:29:31.303+01:00","source":{"id":"0","name":"eventBus"}}
{"__type":"$$EventMessageWorkflow","id":"0007675e-1022-48cb-aae5-162915ff2aac","ts":"2025-04-14T16:29:31.327+01:00","eventName":"n8n.workflow.success","message":"n8n.workflow.success","payload":{"executionId":"541","userId":"6a4bb5a2-ee27-4a62-9b68-657a92d337ff","success":true,"isManual":true,"workflowId":"3Q10QV3s303IUygo","workflowName":"payground"}}
{"__type":"$$EventMessageConfirm","confirm":"0007675e-1022-48cb-aae5-162915ff2aac","ts":"2025-04-14T16:29:31.328+01:00","source":{"id":"0","name":"eventBus"}}
{"__type":"$$EventMessageWorkflow","id":"61010d04-53c1-4a63-b6b0-f14b99b5870e","ts":"2025-04-14T16:30:00.236+01:00","eventName":"n8n.workflow.started","message":"n8n.workflow.started","payload":{"executionId":"542","workflowId":"3Q10QV3s303IUygo","isManual":false,"workflowName":"payground"}}
{"__type":"$$EventMessageConfirm","confirm":"61010d04-53c1-4a63-b6b0-f14b99b5870e","ts":"2025-04-14T16:30:00.237+01:00","source":{"id":"0","name":"eventBus"}}
{"__type":"$$EventMessageNode","id":"73fcaf8d-2e11-48d9-bb7d-9041d13f3206","ts":"2025-04-14T16:30:00.241+01:00","eventName":"n8n.node.started","message":"n8n.node.started","payload":{"workflowId":"3Q10QV3s303IUygo","workflowName":"payground","executionId":"542","nodeType":"n8n-nodes-base.httpRequest","nodeName":"HTTP Request"}}
{"__type":"$$EventMessageConfirm","confirm":"73fcaf8d-2e11-48d9-bb7d-9041d13f3206","ts":"2025-04-14T16:30:00.242+01:00","source":{"id":"0","name":"eventBus"}}
{"__type":"$$EventMessageNode","id":"405626b8-a270-4fc7-b4f8-f771e518776e","ts":"2025-04-14T16:30:01.168+01:00","eventName":"n8n.node.finished","message":"n8n.node.finished","payload":{"workflowId":"3Q10QV3s303IUygo","workflowName":"payground","executionId":"542","nodeType":"n8n-nodes-base.httpRequest","nodeName":"HTTP Request"}}
{"__type":"$$EventMessageConfirm","confirm":"405626b8-a270-4fc7-b4f8-f771e518776e","ts":"2025-04-14T16:30:01.168+01:00","source":{"id":"0","name":"eventBus"}}
{"__type":"$$EventMessageWorkflow","id":"0cc64d54-be46-4420-8660-b3bb2bec8af9","ts":"2025-04-14T16:30:01.193+01:00","eventName":"n8n.workflow.success","message":"n8n.workflow.success","payload":{"executionId":"542","userId":"6a4bb5a2-ee27-4a62-9b68-657a92d337ff","success":true,"isManual":true,"workflowId":"3Q10QV3s303IUygo","workflowName":"payground"}}
{"__type":"$$EventMessageConfirm","confirm":"0cc64d54-be46-4420-8660-b3bb2bec8af9","ts":"2025-04-14T16:30:01.194+01:00","source":{"id":"0","name":"eventBus"}}
{"__type":"$$EventMessageAudit","id":"9eec6c72-a76c-405c-bb8b-0b70bcf49c77","ts":"2025-04-14T16:30:49.600+01:00","eventName":"n8n.audit.workflow.updated","message":"n8n.audit.workflow.updated","payload":{"userId":"6a4bb5a2-ee27-4a62-9b68-657a92d337ff","_email":"lomfabrizio@hotmail.com","_firstName":"Fabrizio","_lastName":"Lo Manto","globalRole":"global:owner","workflowId":"3Q10QV3s303IUygo","workflowName":"payground"}}
{"__type":"$$EventMessageConfirm","confirm":"9eec6c72-a76c-405c-bb8b-0b70bcf49c77","ts":"2025-04-14T16:30:49.601+01:00","source":{"id":"0","name":"eventBus"}}
