{"__type":"$$EventMessageWorkflow","id":"dc9b105b-207e-486b-ab68-d2f050e9995d","ts":"2025-04-14T15:22:37.048+00:00","eventName":"n8n.workflow.started","message":"n8n.workflow.started","payload":{"executionId":"533","workflowId":"3Q10QV3s303IUygo","isManual":false,"workflowName":"payground"}}
{"__type":"$$EventMessageConfirm","confirm":"dc9b105b-207e-486b-ab68-d2f050e9995d","ts":"2025-04-14T15:22:37.050+00:00","source":{"id":"0","name":"eventBus"}}
{"__type":"$$EventMessageNode","id":"23130f21-f97e-4f23-9aa5-f7b63a9e84b6","ts":"2025-04-14T15:22:37.054+00:00","eventName":"n8n.node.started","message":"n8n.node.started","payload":{"workflowId":"3Q10QV3s303IUygo","workflowName":"payground","executionId":"533","nodeType":"n8n-nodes-base.manualTrigger","nodeName":"When clicking ‘Test workflow’"}}
{"__type":"$$EventMessageConfirm","confirm":"23130f21-f97e-4f23-9aa5-f7b63a9e84b6","ts":"2025-04-14T15:22:37.055+00:00","source":{"id":"0","name":"eventBus"}}
{"__type":"$$EventMessageNode","id":"3f6a8927-fa5d-4bab-83bc-be7ea3b9e25f","ts":"2025-04-14T15:22:37.063+00:00","eventName":"n8n.node.finished","message":"n8n.node.finished","payload":{"workflowId":"3Q10QV3s303IUygo","workflowName":"payground","executionId":"533","nodeType":"n8n-nodes-base.manualTrigger","nodeName":"When clicking ‘Test workflow’"}}
{"__type":"$$EventMessageConfirm","confirm":"3f6a8927-fa5d-4bab-83bc-be7ea3b9e25f","ts":"2025-04-14T15:22:37.063+00:00","source":{"id":"0","name":"eventBus"}}
{"__type":"$$EventMessageNode","id":"622855e1-4e39-4977-a44f-33200cdea1b1","ts":"2025-04-14T15:22:37.065+00:00","eventName":"n8n.node.started","message":"n8n.node.started","payload":{"workflowId":"3Q10QV3s303IUygo","workflowName":"payground","executionId":"533","nodeType":"n8n-nodes-base.httpRequest","nodeName":"get daily image"}}
{"__type":"$$EventMessageConfirm","confirm":"622855e1-4e39-4977-a44f-33200cdea1b1","ts":"2025-04-14T15:22:37.065+00:00","source":{"id":"0","name":"eventBus"}}
{"__type":"$$EventMessageNode","id":"54996e78-0d9b-4a89-9941-f24869ca66e5","ts":"2025-04-14T15:22:37.857+00:00","eventName":"n8n.node.finished","message":"n8n.node.finished","payload":{"workflowId":"3Q10QV3s303IUygo","workflowName":"payground","executionId":"533","nodeType":"n8n-nodes-base.httpRequest","nodeName":"get daily image"}}
{"__type":"$$EventMessageConfirm","confirm":"54996e78-0d9b-4a89-9941-f24869ca66e5","ts":"2025-04-14T15:22:37.858+00:00","source":{"id":"0","name":"eventBus"}}
{"__type":"$$EventMessageNode","id":"1536f3e3-9512-46e5-95e6-c0c698a52f0c","ts":"2025-04-14T15:22:37.859+00:00","eventName":"n8n.node.started","message":"n8n.node.started","payload":{"workflowId":"3Q10QV3s303IUygo","workflowName":"payground","executionId":"533","nodeType":"n8n-nodes-base.code","nodeName":"Code1"}}
{"__type":"$$EventMessageConfirm","confirm":"1536f3e3-9512-46e5-95e6-c0c698a52f0c","ts":"2025-04-14T15:22:37.859+00:00","source":{"id":"0","name":"eventBus"}}
{"__type":"$$EventMessageNode","id":"6b48618d-2f32-485e-81ac-acabe054ce18","ts":"2025-04-14T15:22:38.038+00:00","eventName":"n8n.node.finished","message":"n8n.node.finished","payload":{"workflowId":"3Q10QV3s303IUygo","workflowName":"payground","executionId":"533","nodeType":"n8n-nodes-base.code","nodeName":"Code1"}}
{"__type":"$$EventMessageConfirm","confirm":"6b48618d-2f32-485e-81ac-acabe054ce18","ts":"2025-04-14T15:22:38.039+00:00","source":{"id":"0","name":"eventBus"}}
{"__type":"$$EventMessageNode","id":"572b00d6-ddf0-4ef4-8bb4-631cb50d98f0","ts":"2025-04-14T15:22:38.040+00:00","eventName":"n8n.node.started","message":"n8n.node.started","payload":{"workflowId":"3Q10QV3s303IUygo","workflowName":"payground","executionId":"533","nodeType":"n8n-nodes-base.httpRequest","nodeName":"HTTP Request"}}
{"__type":"$$EventMessageConfirm","confirm":"572b00d6-ddf0-4ef4-8bb4-631cb50d98f0","ts":"2025-04-14T15:22:38.041+00:00","source":{"id":"0","name":"eventBus"}}
{"__type":"$$EventMessageNode","id":"62f4b66b-cfe5-4193-bea9-fbacdcf49ac7","ts":"2025-04-14T15:22:38.351+00:00","eventName":"n8n.node.finished","message":"n8n.node.finished","payload":{"workflowId":"3Q10QV3s303IUygo","workflowName":"payground","executionId":"533","nodeType":"n8n-nodes-base.httpRequest","nodeName":"HTTP Request"}}
{"__type":"$$EventMessageConfirm","confirm":"62f4b66b-cfe5-4193-bea9-fbacdcf49ac7","ts":"2025-04-14T15:22:38.351+00:00","source":{"id":"0","name":"eventBus"}}
{"__type":"$$EventMessageWorkflow","id":"3403065a-8bd9-4643-bc9e-6e94a2c5b46e","ts":"2025-04-14T15:22:38.365+00:00","eventName":"n8n.workflow.failed","message":"n8n.workflow.failed","payload":{"executionId":"533","userId":"6a4bb5a2-ee27-4a62-9b68-657a92d337ff","success":false,"isManual":true,"workflowId":"3Q10QV3s303IUygo","workflowName":"payground","lastNodeExecuted":"HTTP Request","errorNodeType":"n8n-nodes-base.httpRequest","errorMessage":"Bad request - please check your parameters"}}
{"__type":"$$EventMessageConfirm","confirm":"3403065a-8bd9-4643-bc9e-6e94a2c5b46e","ts":"2025-04-14T15:22:38.366+00:00","source":{"id":"0","name":"eventBus"}}
{"__type":"$$EventMessageWorkflow","id":"b9be0890-a6b1-4dfa-a33b-0c1ba8b3dbc2","ts":"2025-04-14T15:22:56.669+00:00","eventName":"n8n.workflow.started","message":"n8n.workflow.started","payload":{"executionId":"534","workflowId":"3Q10QV3s303IUygo","isManual":false,"workflowName":"payground"}}
{"__type":"$$EventMessageConfirm","confirm":"b9be0890-a6b1-4dfa-a33b-0c1ba8b3dbc2","ts":"2025-04-14T15:22:56.670+00:00","source":{"id":"0","name":"eventBus"}}
{"__type":"$$EventMessageNode","id":"52c2f3b6-b1b6-43e6-8406-74e4d6feafb1","ts":"2025-04-14T15:22:56.674+00:00","eventName":"n8n.node.started","message":"n8n.node.started","payload":{"workflowId":"3Q10QV3s303IUygo","workflowName":"payground","executionId":"534","nodeType":"n8n-nodes-base.httpRequest","nodeName":"HTTP Request"}}
{"__type":"$$EventMessageConfirm","confirm":"52c2f3b6-b1b6-43e6-8406-74e4d6feafb1","ts":"2025-04-14T15:22:56.675+00:00","source":{"id":"0","name":"eventBus"}}
{"__type":"$$EventMessageNode","id":"386142d4-018c-41a5-b768-519d8d9c74c5","ts":"2025-04-14T16:22:56.895+01:00","eventName":"n8n.node.finished","message":"n8n.node.finished","payload":{"workflowId":"3Q10QV3s303IUygo","workflowName":"payground","executionId":"534","nodeType":"n8n-nodes-base.httpRequest","nodeName":"HTTP Request"}}
{"__type":"$$EventMessageConfirm","confirm":"386142d4-018c-41a5-b768-519d8d9c74c5","ts":"2025-04-14T16:22:56.896+01:00","source":{"id":"0","name":"eventBus"}}
{"__type":"$$EventMessageWorkflow","id":"ea664b2f-be6c-489f-b882-5170d58db1cc","ts":"2025-04-14T16:22:56.904+01:00","eventName":"n8n.workflow.failed","message":"n8n.workflow.failed","payload":{"executionId":"534","userId":"6a4bb5a2-ee27-4a62-9b68-657a92d337ff","success":false,"isManual":true,"workflowId":"3Q10QV3s303IUygo","workflowName":"payground","lastNodeExecuted":"HTTP Request","errorNodeType":"n8n-nodes-base.httpRequest","errorMessage":"Bad request - please check your parameters"}}
{"__type":"$$EventMessageConfirm","confirm":"ea664b2f-be6c-489f-b882-5170d58db1cc","ts":"2025-04-14T16:22:56.905+01:00","source":{"id":"0","name":"eventBus"}}
{"__type":"$$EventMessageWorkflow","id":"bbd3e5a9-9ca9-4ea6-8200-d463ff4a902f","ts":"2025-04-14T16:23:11.083+01:00","eventName":"n8n.workflow.started","message":"n8n.workflow.started","payload":{"executionId":"535","workflowId":"3Q10QV3s303IUygo","isManual":false,"workflowName":"payground"}}
{"__type":"$$EventMessageConfirm","confirm":"bbd3e5a9-9ca9-4ea6-8200-d463ff4a902f","ts":"2025-04-14T16:23:11.083+01:00","source":{"id":"0","name":"eventBus"}}
{"__type":"$$EventMessageNode","id":"89960a80-9172-401c-ae96-a9da276b06c4","ts":"2025-04-14T16:23:11.091+01:00","eventName":"n8n.node.started","message":"n8n.node.started","payload":{"workflowId":"3Q10QV3s303IUygo","workflowName":"payground","executionId":"535","nodeType":"n8n-nodes-base.httpRequest","nodeName":"HTTP Request"}}
{"__type":"$$EventMessageConfirm","confirm":"89960a80-9172-401c-ae96-a9da276b06c4","ts":"2025-04-14T16:23:11.091+01:00","source":{"id":"0","name":"eventBus"}}
{"__type":"$$EventMessageNode","id":"42a44298-e29a-4f17-881b-d2e3637605bb","ts":"2025-04-14T16:23:11.670+01:00","eventName":"n8n.node.finished","message":"n8n.node.finished","payload":{"workflowId":"3Q10QV3s303IUygo","workflowName":"payground","executionId":"535","nodeType":"n8n-nodes-base.httpRequest","nodeName":"HTTP Request"}}
{"__type":"$$EventMessageConfirm","confirm":"42a44298-e29a-4f17-881b-d2e3637605bb","ts":"2025-04-14T16:23:11.671+01:00","source":{"id":"0","name":"eventBus"}}
{"__type":"$$EventMessageWorkflow","id":"9d6becfd-f5e0-421e-a0bc-af8856e14a67","ts":"2025-04-14T16:23:11.677+01:00","eventName":"n8n.workflow.failed","message":"n8n.workflow.failed","payload":{"executionId":"535","userId":"6a4bb5a2-ee27-4a62-9b68-657a92d337ff","success":false,"isManual":true,"workflowId":"3Q10QV3s303IUygo","workflowName":"payground","lastNodeExecuted":"HTTP Request","errorNodeType":"n8n-nodes-base.httpRequest","errorMessage":"The service was not able to process your request"}}
{"__type":"$$EventMessageConfirm","confirm":"9d6becfd-f5e0-421e-a0bc-af8856e14a67","ts":"2025-04-14T16:23:11.677+01:00","source":{"id":"0","name":"eventBus"}}
{"__type":"$$EventMessageWorkflow","id":"718f5338-5059-4a62-bacf-2167a554e1da","ts":"2025-04-14T16:24:11.502+01:00","eventName":"n8n.workflow.started","message":"n8n.workflow.started","payload":{"executionId":"536","workflowId":"3Q10QV3s303IUygo","isManual":false,"workflowName":"payground"}}
{"__type":"$$EventMessageConfirm","confirm":"718f5338-5059-4a62-bacf-2167a554e1da","ts":"2025-04-14T16:24:11.503+01:00","source":{"id":"0","name":"eventBus"}}
{"__type":"$$EventMessageNode","id":"7d03b522-ad98-4a1b-9892-a60e5a88f033","ts":"2025-04-14T16:24:11.508+01:00","eventName":"n8n.node.started","message":"n8n.node.started","payload":{"workflowId":"3Q10QV3s303IUygo","workflowName":"payground","executionId":"536","nodeType":"n8n-nodes-base.httpRequest","nodeName":"HTTP Request"}}
{"__type":"$$EventMessageConfirm","confirm":"7d03b522-ad98-4a1b-9892-a60e5a88f033","ts":"2025-04-14T16:24:11.509+01:00","source":{"id":"0","name":"eventBus"}}
{"__type":"$$EventMessageNode","id":"0f63d9fa-630c-44b8-b428-f25c5793a5d9","ts":"2025-04-14T16:24:11.844+01:00","eventName":"n8n.node.finished","message":"n8n.node.finished","payload":{"workflowId":"3Q10QV3s303IUygo","workflowName":"payground","executionId":"536","nodeType":"n8n-nodes-base.httpRequest","nodeName":"HTTP Request"}}
{"__type":"$$EventMessageConfirm","confirm":"0f63d9fa-630c-44b8-b428-f25c5793a5d9","ts":"2025-04-14T16:24:11.845+01:00","source":{"id":"0","name":"eventBus"}}
{"__type":"$$EventMessageWorkflow","id":"69a116c8-d0ef-4e7a-ad99-07e4bcf61298","ts":"2025-04-14T16:24:11.850+01:00","eventName":"n8n.workflow.failed","message":"n8n.workflow.failed","payload":{"executionId":"536","userId":"6a4bb5a2-ee27-4a62-9b68-657a92d337ff","success":false,"isManual":true,"workflowId":"3Q10QV3s303IUygo","workflowName":"payground","lastNodeExecuted":"HTTP Request","errorNodeType":"n8n-nodes-base.httpRequest","errorMessage":"The service was not able to process your request"}}
{"__type":"$$EventMessageConfirm","confirm":"69a116c8-d0ef-4e7a-ad99-07e4bcf61298","ts":"2025-04-14T16:24:11.851+01:00","source":{"id":"0","name":"eventBus"}}
{"__type":"$$EventMessageWorkflow","id":"ae824eac-e69a-4a30-aa88-1df16d920db7","ts":"2025-04-14T16:25:49.551+01:00","eventName":"n8n.workflow.started","message":"n8n.workflow.started","payload":{"executionId":"537","workflowId":"3Q10QV3s303IUygo","isManual":false,"workflowName":"payground"}}
{"__type":"$$EventMessageConfirm","confirm":"ae824eac-e69a-4a30-aa88-1df16d920db7","ts":"2025-04-14T16:25:49.551+01:00","source":{"id":"0","name":"eventBus"}}
{"__type":"$$EventMessageNode","id":"c744afcc-2297-40c2-8213-464b0d966fa2","ts":"2025-04-14T16:25:49.555+01:00","eventName":"n8n.node.started","message":"n8n.node.started","payload":{"workflowId":"3Q10QV3s303IUygo","workflowName":"payground","executionId":"537","nodeType":"n8n-nodes-base.httpRequest","nodeName":"HTTP Request"}}
{"__type":"$$EventMessageConfirm","confirm":"c744afcc-2297-40c2-8213-464b0d966fa2","ts":"2025-04-14T16:25:49.556+01:00","source":{"id":"0","name":"eventBus"}}
{"__type":"$$EventMessageNode","id":"728653bd-25e3-4742-8412-df2454d2b8a2","ts":"2025-04-14T16:25:49.806+01:00","eventName":"n8n.node.finished","message":"n8n.node.finished","payload":{"workflowId":"3Q10QV3s303IUygo","workflowName":"payground","executionId":"537","nodeType":"n8n-nodes-base.httpRequest","nodeName":"HTTP Request"}}
{"__type":"$$EventMessageConfirm","confirm":"728653bd-25e3-4742-8412-df2454d2b8a2","ts":"2025-04-14T16:25:49.807+01:00","source":{"id":"0","name":"eventBus"}}
{"__type":"$$EventMessageWorkflow","id":"a73c163d-c1d5-4a6d-8462-91a23c0bb904","ts":"2025-04-14T16:25:49.811+01:00","eventName":"n8n.workflow.failed","message":"n8n.workflow.failed","payload":{"executionId":"537","userId":"6a4bb5a2-ee27-4a62-9b68-657a92d337ff","success":false,"isManual":true,"workflowId":"3Q10QV3s303IUygo","workflowName":"payground","lastNodeExecuted":"HTTP Request","errorNodeType":"n8n-nodes-base.httpRequest","errorMessage":"The service was not able to process your request"}}
{"__type":"$$EventMessageConfirm","confirm":"a73c163d-c1d5-4a6d-8462-91a23c0bb904","ts":"2025-04-14T16:25:49.812+01:00","source":{"id":"0","name":"eventBus"}}
{"__type":"$$EventMessageWorkflow","id":"6db29fff-0b45-48ab-aaa0-21deb7c4f90c","ts":"2025-04-14T16:26:54.211+01:00","eventName":"n8n.workflow.started","message":"n8n.workflow.started","payload":{"executionId":"538","workflowId":"3Q10QV3s303IUygo","isManual":false,"workflowName":"payground"}}
{"__type":"$$EventMessageConfirm","confirm":"6db29fff-0b45-48ab-aaa0-21deb7c4f90c","ts":"2025-04-14T16:26:54.212+01:00","source":{"id":"0","name":"eventBus"}}
{"__type":"$$EventMessageNode","id":"832a2d2e-cb97-4cba-a5a4-a81b953d7182","ts":"2025-04-14T16:26:54.216+01:00","eventName":"n8n.node.started","message":"n8n.node.started","payload":{"workflowId":"3Q10QV3s303IUygo","workflowName":"payground","executionId":"538","nodeType":"n8n-nodes-base.httpRequest","nodeName":"HTTP Request"}}
{"__type":"$$EventMessageConfirm","confirm":"832a2d2e-cb97-4cba-a5a4-a81b953d7182","ts":"2025-04-14T16:26:54.217+01:00","source":{"id":"0","name":"eventBus"}}
{"__type":"$$EventMessageNode","id":"c1a3c188-90ff-442b-a495-730de3630bdc","ts":"2025-04-14T16:26:54.532+01:00","eventName":"n8n.node.finished","message":"n8n.node.finished","payload":{"workflowId":"3Q10QV3s303IUygo","workflowName":"payground","executionId":"538","nodeType":"n8n-nodes-base.httpRequest","nodeName":"HTTP Request"}}
{"__type":"$$EventMessageConfirm","confirm":"c1a3c188-90ff-442b-a495-730de3630bdc","ts":"2025-04-14T16:26:54.532+01:00","source":{"id":"0","name":"eventBus"}}
{"__type":"$$EventMessageWorkflow","id":"e100017d-caf5-4a62-9759-5b52ce0710c2","ts":"2025-04-14T16:26:54.537+01:00","eventName":"n8n.workflow.failed","message":"n8n.workflow.failed","payload":{"executionId":"538","userId":"6a4bb5a2-ee27-4a62-9b68-657a92d337ff","success":false,"isManual":true,"workflowId":"3Q10QV3s303IUygo","workflowName":"payground","lastNodeExecuted":"HTTP Request","errorNodeType":"n8n-nodes-base.httpRequest","errorMessage":"The service was not able to process your request"}}
{"__type":"$$EventMessageConfirm","confirm":"e100017d-caf5-4a62-9759-5b52ce0710c2","ts":"2025-04-14T16:26:54.537+01:00","source":{"id":"0","name":"eventBus"}}
